nohup: ignoring input

Training options:
{
  "G_kwargs": {
    "class_name": "pg_modules.networks_fastgan.Generator",
    "cond": true,
    "synthesis_kwargs": {
      "lite": false
    }
  },
  "G_opt_kwargs": {
    "class_name": "torch.optim.Adam",
    "betas": [
      0.0,
      0.99
    ],
    "eps": 1e-08,
    "lr": 0.0002
  },
  "D_opt_kwargs": {
    "class_name": "torch.optim.Adam",
    "betas": [
      0.0,
      0.99
    ],
    "eps": 1e-08,
    "lr": 0.0002
  },
  "data_loader_kwargs": {
    "pin_memory": true,
    "prefetch_factor": 2,
    "num_workers": 3
  },
  "training_set_kwargs": {
    "class_name": "training.dataset.ImageFolderDataset",
    "path": "data/projgan_prepared/mimic_cxr_256_c14.zip",
    "use_labels": true,
    "max_size": 40974,
    "xflip": false,
    "resolution": 256,
    "random_seed": 0
  },
  "num_gpus": 1,
  "batch_size": 32,
  "batch_gpu": 32,
  "metrics": [],
  "total_kimg": 700,
  "kimg_per_tick": 4,
  "image_snapshot_ticks": 20,
  "network_snapshot_ticks": 20,
  "random_seed": 0,
  "ema_kimg": 10.0,
  "restart_every": 9999999,
  "loss_kwargs": {
    "class_name": "training.loss.ProjectedGANLoss"
  },
  "D_kwargs": {
    "class_name": "pg_modules.discriminator.ProjectedDiscriminator",
    "diffaug": true,
    "interp224": false,
    "backbone_kwargs": {
      "cout": 64,
      "expand": true,
      "proj_type": 2,
      "num_discs": 4,
      "separable": false,
      "cond": true
    }
  },
  "run_dir": "outputs/runs_g1/00000-fastgan-mimic_cxr_256_c14-gpus1-batch32"
}

Output directory:    outputs/runs_g1/00000-fastgan-mimic_cxr_256_c14-gpus1-batch32
Number of GPUs:      1
Batch size:          32 images
Training duration:   700 kimg
Dataset path:        data/projgan_prepared/mimic_cxr_256_c14.zip
Dataset size:        40974 images
Dataset resolution:  256
Dataset labels:      True
Dataset x-flips:     False

Creating output directory...
Launching processes...
Loading training set...

Num images:  40974
Image shape: [3, 256, 256]
Label shape: [14]

Constructing networks...
Warning: You are sending unauthenticated requests to the HF Hub. Please set a HF_TOKEN to enable higher rate limits and faster downloads.

Generator                 Parameters  Buffers  Output shape         Datatype
---                       ---         ---      ---                  ---     
mapping                   -           -        [32, 1, 256]         float32 
synthesis.embed           256000      -        [32, 256]            float32 
synthesis.init.init       16785408    16385    [32, 2048, 4, 4]     float32 
synthesis.feat_8.up       -           -        [32, 2048, 8, 8]     float32 
synthesis.feat_8.conv1    37748736    20480    [32, 2048, 8, 8]     float32 
synthesis.feat_8.noise    1           -        [32, 2048, 8, 8]     float32 
synthesis.feat_8.bn1      1052672     8704     [32, 2048, 8, 8]     float32 
synthesis.feat_8.act      -           -        [32, 1024, 8, 8]     float32 
synthesis.feat_8.conv2    18874368    11264    [32, 2048, 8, 8]     float32 
synthesis.feat_8.noise    -           -        [32, 2048, 8, 8]     float32 
synthesis.feat_8.bn2      1052672     8704     [32, 2048, 8, 8]     float32 
synthesis.feat_8.act      -           -        [32, 1024, 8, 8]     float32 
synthesis.feat_16.up      -           -        [32, 1024, 16, 16]   float32 
synthesis.feat_16.conv1   9437184     10240    [32, 1024, 16, 16]   float32 
synthesis.feat_16.noise   1           -        [32, 1024, 16, 16]   float32 
synthesis.feat_16.bn1     526336      4608     [32, 1024, 16, 16]   float32 
synthesis.feat_16.act     -           -        [32, 512, 16, 16]    float32 
synthesis.feat_16.conv2   4718592     5632     [32, 1024, 16, 16]   float32 
synthesis.feat_16.noise   -           -        [32, 1024, 16, 16]   float32 
synthesis.feat_16.bn2     526336      4608     [32, 1024, 16, 16]   float32 
synthesis.feat_16.act     -           -        [32, 512, 16, 16]    float32 
synthesis.feat_32.up      -           -        [32, 512, 32, 32]    float32 
synthesis.feat_32.conv1   2359296     5120     [32, 512, 32, 32]    float32 
synthesis.feat_32.noise   1           -        [32, 512, 32, 32]    float32 
synthesis.feat_32.bn1     263168      2560     [32, 512, 32, 32]    float32 
synthesis.feat_32.act     -           -        [32, 256, 32, 32]    float32 
synthesis.feat_32.conv2   1179648     2816     [32, 512, 32, 32]    float32 
synthesis.feat_32.noise   -           -        [32, 512, 32, 32]    float32 
synthesis.feat_32.bn2     263168      2560     [32, 512, 32, 32]    float32 
synthesis.feat_32.act     -           -        [32, 256, 32, 32]    float32 
synthesis.feat_64.up      -           -        [32, 256, 64, 64]    float32 
synthesis.feat_64.conv1   1179648     2816     [32, 512, 64, 64]    float32 
synthesis.feat_64.noise   1           -        [32, 512, 64, 64]    float32 
synthesis.feat_64.bn1     263168      2560     [32, 512, 64, 64]    float32 
synthesis.feat_64.act     -           -        [32, 256, 64, 64]    float32 
synthesis.feat_64.conv2   1179648     2816     [32, 512, 64, 64]    float32 
synthesis.feat_64.noise   -           -        [32, 512, 64, 64]    float32 
synthesis.feat_64.bn2     263168      2560     [32, 512, 64, 64]    float32 
synthesis.feat_64.act     -           -        [32, 256, 64, 64]    float32 
synthesis.se_64.main      8454144     33536    [32, 256, 1, 1]      float32 
synthesis.se_64           -           -        [32, 256, 64, 64]    float32 
synthesis.feat_128.up     -           -        [32, 256, 128, 128]  float32 
synthesis.feat_128.conv1  589824      2560     [32, 256, 128, 128]  float32 
synthesis.feat_128.noise  1           -        [32, 256, 128, 128]  float32 
synthesis.feat_128.bn1    131584      1536     [32, 256, 128, 128]  float32 
synthesis.feat_128.act    -           -        [32, 128, 128, 128]  float32 
synthesis.feat_128.conv2  294912      1408     [32, 256, 128, 128]  float32 
synthesis.feat_128.noise  -           -        [32, 256, 128, 128]  float32 
synthesis.feat_128.bn2    131584      1536     [32, 256, 128, 128]  float32 
synthesis.feat_128.act    -           -        [32, 128, 128, 128]  float32 
synthesis.se_128.main     2113536     16768    [32, 128, 1, 1]      float32 
synthesis.se_128          -           -        [32, 128, 128, 128]  float32 
synthesis.feat_256.up     -           -        [32, 128, 256, 256]  float32 
synthesis.feat_256.conv1  147456      1280     [32, 128, 256, 256]  float32 
synthesis.feat_256.noise  1           -        [32, 128, 256, 256]  float32 
synthesis.feat_256.bn1    65792       1024     [32, 128, 256, 256]  float32 
synthesis.feat_256.act    -           -        [32, 64, 256, 256]   float32 
synthesis.feat_256.conv2  73728       704      [32, 128, 256, 256]  float32 
synthesis.feat_256.noise  -           -        [32, 128, 256, 256]  float32 
synthesis.feat_256.bn2    65792       1024     [32, 128, 256, 256]  float32 
synthesis.feat_256.act    -           -        [32, 64, 256, 256]   float32 
synthesis.se_256.main     528384      8384     [32, 64, 1, 1]       float32 
synthesis.se_256          -           -        [32, 64, 256, 256]   float32 
synthesis.to_big          1731        579      [32, 3, 256, 256]    float32 
---                       ---         ---      ---                  ---     
Total                     110527689   184772   -                    -       

/venv/main/lib/python3.12/site-packages/torch/functional.py:505: UserWarning: torch.meshgrid: in an upcoming release, it will be required to pass the indexing argument. (Triggered internally at /pytorch/aten/src/ATen/native/TensorShape.cpp:4381.)
  return _VF.meshgrid(tensors, **kwargs)  # type: ignore[attr-defined]

ProjectedDiscriminator                                               Parameters  Buffers  Output shape        Datatype
---                                                                  ---         ---      ---                 ---     
feature_network.pretrained.layer0.0                                  864         -        [32, 32, 128, 128]  float32 
feature_network.pretrained.layer0.1                                  64          65       [32, 32, 128, 128]  float32 
feature_network.pretrained.layer0.3                                  896         98       [32, 16, 128, 128]  float32 
feature_network.pretrained.layer0.4                                  13968       1062     [32, 24, 64, 64]    float32 
feature_network.pretrained.layer1.0                                  39712       1702     [32, 40, 32, 32]    float32 
feature_network.pretrained.layer2.0                                  198480      5289     [32, 80, 16, 16]    float32 
feature_network.pretrained.layer2.1                                  446784      7977     [32, 112, 16, 16]   float32 
feature_network.pretrained.layer3.0                                  1652640     18060    [32, 192, 8, 8]     float32 
feature_network.pretrained.layer3.1                                  605440      5251     [32, 320, 8, 8]     float32 
feature_network.scratch.layer0_ccm                                   1600        -        [32, 64, 64, 64]    float32 
feature_network.scratch.layer1_ccm                                   5248        -        [32, 128, 32, 32]   float32 
feature_network.scratch.layer2_ccm                                   28928       -        [32, 256, 16, 16]   float32 
feature_network.scratch.layer3_ccm                                   164352      -        [32, 512, 8, 8]     float32 
feature_network.scratch.layer3_csm.out_conv                          131328      -        [32, 256, 16, 16]   float32 
feature_network.scratch.layer2_csm.skip_add.activation_post_process  -           -        [32, 256, 16, 16]   float32 
feature_network.scratch.layer2_csm.out_conv                          32896       -        [32, 128, 32, 32]   float32 
feature_network.scratch.layer1_csm.skip_add.activation_post_process  -           -        [32, 128, 32, 32]   float32 
feature_network.scratch.layer1_csm.out_conv                          8256        -        [32, 64, 64, 64]    float32 
feature_network.scratch.layer0_csm.skip_add.activation_post_process  -           -        [32, 64, 64, 64]    float32 
feature_network.scratch.layer0_csm.out_conv                          4160        -        [32, 64, 128, 128]  float32 
discriminator.mini_discs.0.main                                      2820928     11076    [32, 512, 8, 8]     float32 
discriminator.mini_discs.0.cls                                       524288      8256     [32, 64, 5, 5]      float32 
discriminator.mini_discs.0.embed                                     128000      -        [32, 128]           float32 
discriminator.mini_discs.0.embed_proj                                8256        -        [32, 64]            float32 
discriminator.mini_discs.0                                           -           -        [32, 1, 5, 5]       float32 
discriminator.mini_discs.1.main                                      2755200     9859     [32, 512, 8, 8]     float32 
discriminator.mini_discs.1.cls                                       524288      8256     [32, 64, 5, 5]      float32 
discriminator.mini_discs.1.embed                                     128000      -        [32, 128]           float32 
discriminator.mini_discs.1.embed_proj                                8256        -        [32, 64]            float32 
discriminator.mini_discs.1                                           -           -        [32, 1, 5, 5]       float32 
discriminator.mini_discs.2.main                                      2623744     8450     [32, 512, 8, 8]     float32 
discriminator.mini_discs.2.cls                                       524288      8256     [32, 64, 5, 5]      float32 
discriminator.mini_discs.2.embed                                     128000      -        [32, 128]           float32 
discriminator.mini_discs.2.embed_proj                                8256        -        [32, 64]            float32 
discriminator.mini_discs.2                                           -           -        [32, 1, 5, 5]       float32 
discriminator.mini_discs.3.main                                      2098688     5633     [32, 512, 8, 8]     float32 
discriminator.mini_discs.3.cls                                       524288      8256     [32, 64, 5, 5]      float32 
discriminator.mini_discs.3.embed                                     128000      -        [32, 128]           float32 
discriminator.mini_discs.3.embed_proj                                8256        -        [32, 64]            float32 
discriminator.mini_discs.3                                           -           -        [32, 1, 5, 5]       float32 
discriminator                                                        -           -        [32, 100]           float32 
---                                                                  ---         ---      ---                 ---     
Total                                                                16276352    107546   -                   -       

Distributing across 1 GPUs...
Setting up training phases...
Exporting sample images...
/workspace/projected_gan/training/training_loop.py:80: RuntimeWarning: invalid value encountered in cast
  img = np.rint(img).clip(0, 255).astype(np.uint8)
Initializing logs...
Training for 700 kimg...

tick 0     kimg 0.0      time 36s          sec/tick 11.2    sec/kimg 349.35  maintenance 24.5   cpumem 2.44   gpumem 25.07  reserved 27.48 
tick 1     kimg 4.0      time 1m 42s       sec/tick 60.2    sec/kimg 15.05   maintenance 5.9    cpumem 2.72   gpumem 23.91  reserved 29.05 
tick 2     kimg 8.0      time 2m 42s       sec/tick 60.2    sec/kimg 15.05   maintenance 0.0    cpumem 2.72   gpumem 23.88  reserved 29.05 
tick 3     kimg 12.0     time 3m 42s       sec/tick 60.2    sec/kimg 15.04   maintenance 0.0    cpumem 2.72   gpumem 23.88  reserved 29.05 
tick 4     kimg 16.0     time 4m 42s       sec/tick 60.2    sec/kimg 15.04   maintenance 0.0    cpumem 2.72   gpumem 23.88  reserved 29.05 
tick 5     kimg 20.0     time 5m 43s       sec/tick 60.2    sec/kimg 15.05   maintenance 0.0    cpumem 2.73   gpumem 23.88  reserved 29.05 
tick 6     kimg 24.0     time 6m 43s       sec/tick 60.2    sec/kimg 15.04   maintenance 0.0    cpumem 2.73   gpumem 23.88  reserved 29.05 
tick 7     kimg 28.0     time 7m 43s       sec/tick 60.2    sec/kimg 15.04   maintenance 0.0    cpumem 2.73   gpumem 23.88  reserved 29.05 
tick 8     kimg 32.0     time 8m 43s       sec/tick 60.2    sec/kimg 15.04   maintenance 0.0    cpumem 2.73   gpumem 23.88  reserved 29.05 
tick 9     kimg 36.0     time 9m 43s       sec/tick 60.2    sec/kimg 15.05   maintenance 0.0    cpumem 2.73   gpumem 23.88  reserved 29.05 
tick 10    kimg 40.0     time 10m 44s      sec/tick 60.2    sec/kimg 15.05   maintenance 0.0    cpumem 2.73   gpumem 23.88  reserved 29.05 
tick 11    kimg 44.0     time 11m 44s      sec/tick 60.2    sec/kimg 15.05   maintenance 0.0    cpumem 2.73   gpumem 23.88  reserved 29.05 
tick 12    kimg 48.0     time 12m 44s      sec/tick 60.2    sec/kimg 15.04   maintenance 0.0    cpumem 2.74   gpumem 23.88  reserved 29.05 
tick 13    kimg 52.0     time 13m 44s      sec/tick 60.1    sec/kimg 15.04   maintenance 0.0    cpumem 2.74   gpumem 23.88  reserved 29.05 
tick 14    kimg 56.0     time 14m 44s      sec/tick 60.2    sec/kimg 15.04   maintenance 0.0    cpumem 2.74   gpumem 23.88  reserved 29.05 
tick 15    kimg 60.0     time 15m 45s      sec/tick 60.2    sec/kimg 15.05   maintenance 0.0    cpumem 2.74   gpumem 23.88  reserved 29.05 
tick 16    kimg 64.0     time 16m 45s      sec/tick 60.2    sec/kimg 15.04   maintenance 0.0    cpumem 2.74   gpumem 23.88  reserved 29.05 
tick 17    kimg 68.0     time 17m 45s      sec/tick 60.1    sec/kimg 15.04   maintenance 0.0    cpumem 2.74   gpumem 23.88  reserved 29.05 
tick 18    kimg 72.0     time 18m 45s      sec/tick 60.2    sec/kimg 15.04   maintenance 0.0    cpumem 2.74   gpumem 23.88  reserved 29.05 
tick 19    kimg 76.0     time 19m 45s      sec/tick 60.2    sec/kimg 15.05   maintenance 0.0    cpumem 2.74   gpumem 23.88  reserved 29.05 
tick 20    kimg 80.0     time 20m 45s      sec/tick 60.2    sec/kimg 15.04   maintenance 0.0    cpumem 2.74   gpumem 23.88  reserved 29.05 
tick 21    kimg 84.0     time 22m 02s      sec/tick 60.2    sec/kimg 15.04   maintenance 16.0   cpumem 2.86   gpumem 23.88  reserved 29.05 
tick 22    kimg 88.0     time 23m 02s      sec/tick 60.2    sec/kimg 15.04   maintenance 0.0    cpumem 2.86   gpumem 23.88  reserved 29.05 
tick 23    kimg 92.0     time 24m 02s      sec/tick 60.2    sec/kimg 15.04   maintenance 0.0    cpumem 2.86   gpumem 23.88  reserved 29.05 
tick 24    kimg 96.0     time 25m 02s      sec/tick 60.2    sec/kimg 15.04   maintenance 0.0    cpumem 2.86   gpumem 23.88  reserved 29.05 
tick 25    kimg 100.0    time 26m 02s      sec/tick 60.2    sec/kimg 15.04   maintenance 0.0    cpumem 2.86   gpumem 23.88  reserved 29.05 
tick 26    kimg 104.0    time 27m 03s      sec/tick 60.2    sec/kimg 15.05   maintenance 0.0    cpumem 2.86   gpumem 23.88  reserved 29.05 
tick 27    kimg 108.0    time 28m 03s      sec/tick 60.2    sec/kimg 15.04   maintenance 0.0    cpumem 2.87   gpumem 23.88  reserved 29.05 
tick 28    kimg 112.0    time 29m 03s      sec/tick 60.1    sec/kimg 15.04   maintenance 0.0    cpumem 2.87   gpumem 23.88  reserved 29.05 
tick 29    kimg 116.0    time 30m 03s      sec/tick 60.2    sec/kimg 15.05   maintenance 0.0    cpumem 2.87   gpumem 23.88  reserved 29.05 
tick 30    kimg 120.0    time 31m 03s      sec/tick 60.2    sec/kimg 15.04   maintenance 0.0    cpumem 2.87   gpumem 23.88  reserved 29.05 
tick 31    kimg 124.0    time 32m 04s      sec/tick 60.2    sec/kimg 15.04   maintenance 0.0    cpumem 2.87   gpumem 23.88  reserved 29.05 
tick 32    kimg 128.0    time 33m 04s      sec/tick 60.2    sec/kimg 15.04   maintenance 0.0    cpumem 2.87   gpumem 23.88  reserved 29.05 
tick 33    kimg 132.0    time 34m 04s      sec/tick 60.1    sec/kimg 15.04   maintenance 0.0    cpumem 2.87   gpumem 23.88  reserved 29.05 
tick 34    kimg 136.0    time 35m 04s      sec/tick 60.1    sec/kimg 15.04   maintenance 0.0    cpumem 2.87   gpumem 23.88  reserved 29.05 
tick 35    kimg 140.0    time 36m 04s      sec/tick 60.2    sec/kimg 15.04   maintenance 0.0    cpumem 2.87   gpumem 23.88  reserved 29.05 
tick 36    kimg 144.0    time 37m 04s      sec/tick 60.1    sec/kimg 15.04   maintenance 0.0    cpumem 2.87   gpumem 23.88  reserved 29.05 
tick 37    kimg 148.0    time 38m 05s      sec/tick 60.1    sec/kimg 15.04   maintenance 0.0    cpumem 2.87   gpumem 23.88  reserved 29.05 
tick 38    kimg 152.0    time 39m 05s      sec/tick 60.2    sec/kimg 15.05   maintenance 0.0    cpumem 2.87   gpumem 23.88  reserved 29.05 
tick 39    kimg 156.0    time 40m 05s      sec/tick 60.2    sec/kimg 15.05   maintenance 0.0    cpumem 2.87   gpumem 23.88  reserved 29.05 
tick 40    kimg 160.0    time 41m 05s      sec/tick 60.2    sec/kimg 15.05   maintenance 0.0    cpumem 2.87   gpumem 23.88  reserved 29.05 
tick 41    kimg 164.0    time 42m 22s      sec/tick 60.2    sec/kimg 15.06   maintenance 16.2   cpumem 2.90   gpumem 23.88  reserved 29.05 
tick 42    kimg 168.0    time 43m 22s      sec/tick 60.2    sec/kimg 15.06   maintenance 0.0    cpumem 2.90   gpumem 23.88  reserved 29.05 
tick 43    kimg 172.0    time 44m 22s      sec/tick 60.2    sec/kimg 15.04   maintenance 0.0    cpumem 2.90   gpumem 23.88  reserved 29.05 
tick 44    kimg 176.0    time 45m 22s      sec/tick 60.2    sec/kimg 15.04   maintenance 0.0    cpumem 2.90   gpumem 23.89  reserved 29.05 
tick 45    kimg 180.0    time 46m 22s      sec/tick 60.2    sec/kimg 15.04   maintenance 0.0    cpumem 2.90   gpumem 23.88  reserved 29.05 
tick 46    kimg 184.0    time 47m 23s      sec/tick 60.2    sec/kimg 15.04   maintenance 0.0    cpumem 2.90   gpumem 23.88  reserved 29.05 
tick 47    kimg 188.0    time 48m 23s      sec/tick 60.2    sec/kimg 15.05   maintenance 0.0    cpumem 2.90   gpumem 23.88  reserved 29.05 
tick 48    kimg 192.0    time 49m 23s      sec/tick 60.2    sec/kimg 15.05   maintenance 0.0    cpumem 2.90   gpumem 23.88  reserved 29.05 
tick 49    kimg 196.0    time 50m 23s      sec/tick 60.2    sec/kimg 15.04   maintenance 0.0    cpumem 2.90   gpumem 23.88  reserved 29.05 
tick 50    kimg 200.0    time 51m 23s      sec/tick 60.2    sec/kimg 15.05   maintenance 0.0    cpumem 2.90   gpumem 23.88  reserved 29.05 
tick 51    kimg 204.0    time 52m 24s      sec/tick 60.3    sec/kimg 15.08   maintenance 0.0    cpumem 2.90   gpumem 23.89  reserved 29.05 
tick 52    kimg 208.0    time 53m 24s      sec/tick 60.3    sec/kimg 15.08   maintenance 0.0    cpumem 2.90   gpumem 23.89  reserved 29.05 
tick 53    kimg 212.0    time 54m 24s      sec/tick 60.2    sec/kimg 15.04   maintenance 0.0    cpumem 2.90   gpumem 23.88  reserved 29.05 
tick 54    kimg 216.0    time 55m 24s      sec/tick 60.2    sec/kimg 15.04   maintenance 0.0    cpumem 2.90   gpumem 23.88  reserved 29.05 
tick 55    kimg 220.0    time 56m 25s      sec/tick 60.2    sec/kimg 15.04   maintenance 0.0    cpumem 2.90   gpumem 23.88  reserved 29.05 
tick 56    kimg 224.0    time 57m 25s      sec/tick 60.2    sec/kimg 15.05   maintenance 0.0    cpumem 2.90   gpumem 23.89  reserved 29.05 
tick 57    kimg 228.0    time 58m 25s      sec/tick 60.2    sec/kimg 15.04   maintenance 0.0    cpumem 2.90   gpumem 23.88  reserved 29.05 
tick 58    kimg 232.0    time 59m 25s      sec/tick 60.2    sec/kimg 15.05   maintenance 0.0    cpumem 2.90   gpumem 23.88  reserved 29.05 
tick 59    kimg 236.0    time 1h 00m 26s   sec/tick 60.2    sec/kimg 15.05   maintenance 0.0    cpumem 2.90   gpumem 23.88  reserved 29.05 
tick 60    kimg 240.0    time 1h 01m 26s   sec/tick 60.2    sec/kimg 15.06   maintenance 0.0    cpumem 2.90   gpumem 23.88  reserved 29.05 
tick 61    kimg 244.0    time 1h 02m 42s   sec/tick 60.2    sec/kimg 15.04   maintenance 15.9   cpumem 2.90   gpumem 23.88  reserved 29.05 
tick 62    kimg 248.0    time 1h 03m 42s   sec/tick 60.2    sec/kimg 15.05   maintenance 0.0    cpumem 2.90   gpumem 23.89  reserved 29.05 
tick 63    kimg 252.0    time 1h 04m 42s   sec/tick 60.2    sec/kimg 15.06   maintenance 0.0    cpumem 2.90   gpumem 23.88  reserved 29.05 
tick 64    kimg 256.0    time 1h 05m 43s   sec/tick 60.2    sec/kimg 15.06   maintenance 0.0    cpumem 2.90   gpumem 23.89  reserved 29.05 
tick 65    kimg 260.0    time 1h 06m 43s   sec/tick 60.3    sec/kimg 15.07   maintenance 0.0    cpumem 2.90   gpumem 23.89  reserved 29.05 
tick 66    kimg 264.0    time 1h 07m 43s   sec/tick 60.2    sec/kimg 15.04   maintenance 0.0    cpumem 2.90   gpumem 23.88  reserved 29.05 
tick 67    kimg 268.0    time 1h 08m 43s   sec/tick 60.2    sec/kimg 15.04   maintenance 0.0    cpumem 2.91   gpumem 23.89  reserved 29.05 
tick 68    kimg 272.0    time 1h 09m 43s   sec/tick 60.2    sec/kimg 15.05   maintenance 0.0    cpumem 2.91   gpumem 23.88  reserved 29.05 
tick 69    kimg 276.0    time 1h 10m 44s   sec/tick 60.2    sec/kimg 15.06   maintenance 0.0    cpumem 2.90   gpumem 23.89  reserved 29.05 
tick 70    kimg 280.0    time 1h 11m 44s   sec/tick 60.2    sec/kimg 15.06   maintenance 0.0    cpumem 2.90   gpumem 23.89  reserved 29.05 
tick 71    kimg 284.0    time 1h 12m 44s   sec/tick 60.2    sec/kimg 15.05   maintenance 0.0    cpumem 2.90   gpumem 23.88  reserved 29.05 
tick 72    kimg 288.0    time 1h 13m 45s   sec/tick 60.3    sec/kimg 15.08   maintenance 0.0    cpumem 2.90   gpumem 23.88  reserved 29.05 
tick 73    kimg 292.0    time 1h 14m 45s   sec/tick 60.2    sec/kimg 15.05   maintenance 0.0    cpumem 2.90   gpumem 23.88  reserved 29.05 
tick 74    kimg 296.0    time 1h 15m 45s   sec/tick 60.2    sec/kimg 15.05   maintenance 0.0    cpumem 2.90   gpumem 23.88  reserved 29.05 
tick 75    kimg 300.0    time 1h 16m 45s   sec/tick 60.2    sec/kimg 15.06   maintenance 0.0    cpumem 2.90   gpumem 23.89  reserved 29.05 
tick 76    kimg 304.0    time 1h 17m 45s   sec/tick 60.2    sec/kimg 15.05   maintenance 0.0    cpumem 2.90   gpumem 23.88  reserved 29.05 
tick 77    kimg 308.0    time 1h 18m 46s   sec/tick 60.2    sec/kimg 15.05   maintenance 0.0    cpumem 2.90   gpumem 23.88  reserved 29.05 
tick 78    kimg 312.0    time 1h 19m 46s   sec/tick 60.2    sec/kimg 15.05   maintenance 0.0    cpumem 2.90   gpumem 23.88  reserved 29.05 
tick 79    kimg 316.0    time 1h 20m 46s   sec/tick 60.2    sec/kimg 15.05   maintenance 0.0    cpumem 2.90   gpumem 23.88  reserved 29.05 
tick 80    kimg 320.0    time 1h 21m 46s   sec/tick 60.2    sec/kimg 15.04   maintenance 0.0    cpumem 2.90   gpumem 23.88  reserved 29.05 
tick 81    kimg 324.0    time 1h 23m 02s   sec/tick 60.2    sec/kimg 15.05   maintenance 15.5   cpumem 2.88   gpumem 23.88  reserved 29.05 
tick 82    kimg 328.0    time 1h 24m 02s   sec/tick 60.2    sec/kimg 15.06   maintenance 0.0    cpumem 2.89   gpumem 23.88  reserved 29.05 
tick 83    kimg 332.0    time 1h 25m 02s   sec/tick 60.2    sec/kimg 15.05   maintenance 0.0    cpumem 2.89   gpumem 23.88  reserved 29.05 
tick 84    kimg 336.0    time 1h 26m 03s   sec/tick 60.2    sec/kimg 15.04   maintenance 0.0    cpumem 2.89   gpumem 23.88  reserved 29.05 
tick 85    kimg 340.0    time 1h 27m 03s   sec/tick 60.2    sec/kimg 15.05   maintenance 0.0    cpumem 2.89   gpumem 23.88  reserved 29.05 
tick 86    kimg 344.0    time 1h 28m 03s   sec/tick 60.2    sec/kimg 15.06   maintenance 0.0    cpumem 2.89   gpumem 23.88  reserved 29.05 
tick 87    kimg 348.0    time 1h 29m 03s   sec/tick 60.3    sec/kimg 15.08   maintenance 0.0    cpumem 2.89   gpumem 23.88  reserved 29.05 
tick 88    kimg 352.0    time 1h 30m 04s   sec/tick 60.2    sec/kimg 15.05   maintenance 0.0    cpumem 2.89   gpumem 23.88  reserved 29.05 
tick 89    kimg 356.0    time 1h 31m 04s   sec/tick 60.2    sec/kimg 15.05   maintenance 0.0    cpumem 2.89   gpumem 23.88  reserved 29.05 
tick 90    kimg 360.0    time 1h 32m 04s   sec/tick 60.2    sec/kimg 15.06   maintenance 0.0    cpumem 2.89   gpumem 23.88  reserved 29.05 
tick 91    kimg 364.0    time 1h 33m 04s   sec/tick 60.2    sec/kimg 15.05   maintenance 0.0    cpumem 2.89   gpumem 23.88  reserved 29.05 
tick 92    kimg 368.0    time 1h 34m 05s   sec/tick 60.2    sec/kimg 15.05   maintenance 0.0    cpumem 2.89   gpumem 23.88  reserved 29.05 
tick 93    kimg 372.0    time 1h 35m 05s   sec/tick 60.2    sec/kimg 15.06   maintenance 0.0    cpumem 2.89   gpumem 23.88  reserved 29.05 
tick 94    kimg 376.0    time 1h 36m 05s   sec/tick 60.2    sec/kimg 15.05   maintenance 0.0    cpumem 2.89   gpumem 23.88  reserved 29.05 
tick 95    kimg 380.0    time 1h 37m 05s   sec/tick 60.2    sec/kimg 15.05   maintenance 0.0    cpumem 2.89   gpumem 23.88  reserved 29.05 
tick 96    kimg 384.0    time 1h 38m 06s   sec/tick 60.2    sec/kimg 15.06   maintenance 0.0    cpumem 2.89   gpumem 23.88  reserved 29.05 
tick 97    kimg 388.0    time 1h 39m 06s   sec/tick 60.2    sec/kimg 15.06   maintenance 0.0    cpumem 2.89   gpumem 23.88  reserved 29.05 
tick 98    kimg 392.0    time 1h 40m 06s   sec/tick 60.2    sec/kimg 15.04   maintenance 0.0    cpumem 2.89   gpumem 23.88  reserved 29.05 
tick 99    kimg 396.0    time 1h 41m 06s   sec/tick 60.2    sec/kimg 15.04   maintenance 0.0    cpumem 2.89   gpumem 23.88  reserved 29.05 
tick 100   kimg 400.0    time 1h 42m 06s   sec/tick 60.2    sec/kimg 15.06   maintenance 0.0    cpumem 2.89   gpumem 23.88  reserved 29.05 
tick 101   kimg 404.0    time 1h 43m 23s   sec/tick 60.2    sec/kimg 15.05   maintenance 15.9   cpumem 2.89   gpumem 23.88  reserved 29.05 
tick 102   kimg 408.0    time 1h 44m 23s   sec/tick 60.2    sec/kimg 15.05   maintenance 0.0    cpumem 2.89   gpumem 23.88  reserved 29.05 
tick 103   kimg 412.0    time 1h 45m 23s   sec/tick 60.2    sec/kimg 15.04   maintenance 0.0    cpumem 2.89   gpumem 23.88  reserved 29.05 
tick 104   kimg 416.0    time 1h 46m 23s   sec/tick 60.2    sec/kimg 15.04   maintenance 0.0    cpumem 2.89   gpumem 23.88  reserved 29.05 
tick 105   kimg 420.0    time 1h 47m 23s   sec/tick 60.2    sec/kimg 15.05   maintenance 0.0    cpumem 2.89   gpumem 23.88  reserved 29.05 
tick 106   kimg 424.0    time 1h 48m 24s   sec/tick 60.2    sec/kimg 15.06   maintenance 0.0    cpumem 2.89   gpumem 23.89  reserved 29.05 
tick 107   kimg 428.0    time 1h 49m 24s   sec/tick 60.2    sec/kimg 15.06   maintenance 0.0    cpumem 2.89   gpumem 23.88  reserved 29.05 
tick 108   kimg 432.0    time 1h 50m 24s   sec/tick 60.2    sec/kimg 15.05   maintenance 0.0    cpumem 2.89   gpumem 23.88  reserved 29.05 
tick 109   kimg 436.0    time 1h 51m 24s   sec/tick 60.2    sec/kimg 15.05   maintenance 0.0    cpumem 2.89   gpumem 23.88  reserved 29.05 
tick 110   kimg 440.0    time 1h 52m 24s   sec/tick 60.2    sec/kimg 15.05   maintenance 0.0    cpumem 2.89   gpumem 23.88  reserved 29.05 
tick 111   kimg 444.0    time 1h 53m 25s   sec/tick 60.2    sec/kimg 15.05   maintenance 0.0    cpumem 2.89   gpumem 23.88  reserved 29.05 
tick 112   kimg 448.0    time 1h 54m 25s   sec/tick 60.2    sec/kimg 15.05   maintenance 0.0    cpumem 2.89   gpumem 23.88  reserved 29.05 
tick 113   kimg 452.0    time 1h 55m 25s   sec/tick 60.2    sec/kimg 15.05   maintenance 0.0    cpumem 2.89   gpumem 23.88  reserved 29.05 
tick 114   kimg 456.0    time 1h 56m 25s   sec/tick 60.2    sec/kimg 15.06   maintenance 0.0    cpumem 2.89   gpumem 23.88  reserved 29.05 
tick 115   kimg 460.0    time 1h 57m 26s   sec/tick 60.2    sec/kimg 15.04   maintenance 0.0    cpumem 2.89   gpumem 23.88  reserved 29.05 
tick 116   kimg 464.0    time 1h 58m 26s   sec/tick 60.2    sec/kimg 15.04   maintenance 0.0    cpumem 2.89   gpumem 23.88  reserved 29.05 
tick 117   kimg 468.0    time 1h 59m 26s   sec/tick 60.2    sec/kimg 15.05   maintenance 0.0    cpumem 2.89   gpumem 23.88  reserved 29.05 
tick 118   kimg 472.0    time 2h 00m 26s   sec/tick 60.2    sec/kimg 15.05   maintenance 0.0    cpumem 2.89   gpumem 23.88  reserved 29.05 
tick 119   kimg 476.0    time 2h 01m 26s   sec/tick 60.2    sec/kimg 15.05   maintenance 0.0    cpumem 2.89   gpumem 23.88  reserved 29.05 
tick 120   kimg 480.0    time 2h 02m 27s   sec/tick 60.2    sec/kimg 15.05   maintenance 0.0    cpumem 2.89   gpumem 23.88  reserved 29.05 
tick 121   kimg 484.0    time 2h 03m 43s   sec/tick 60.2    sec/kimg 15.05   maintenance 16.2   cpumem 2.92   gpumem 23.88  reserved 29.05 
tick 122   kimg 488.0    time 2h 04m 43s   sec/tick 60.2    sec/kimg 15.05   maintenance 0.0    cpumem 2.92   gpumem 23.88  reserved 29.05 
tick 123   kimg 492.0    time 2h 05m 43s   sec/tick 60.2    sec/kimg 15.05   maintenance 0.0    cpumem 2.92   gpumem 23.88  reserved 29.05 
tick 124   kimg 496.0    time 2h 06m 44s   sec/tick 60.2    sec/kimg 15.06   maintenance 0.0    cpumem 2.92   gpumem 23.88  reserved 29.05 
tick 125   kimg 500.0    time 2h 07m 44s   sec/tick 60.2    sec/kimg 15.05   maintenance 0.1    cpumem 2.51   gpumem 23.88  reserved 29.05 
tick 126   kimg 504.0    time 2h 08m 44s   sec/tick 60.2    sec/kimg 15.05   maintenance 0.0    cpumem 2.51   gpumem 23.88  reserved 29.05 
tick 127   kimg 508.0    time 2h 09m 44s   sec/tick 60.2    sec/kimg 15.05   maintenance 0.0    cpumem 2.51   gpumem 23.88  reserved 29.05 
tick 128   kimg 512.0    time 2h 10m 45s   sec/tick 60.2    sec/kimg 15.05   maintenance 0.0    cpumem 2.51   gpumem 23.88  reserved 29.05 
tick 129   kimg 516.0    time 2h 11m 45s   sec/tick 60.2    sec/kimg 15.05   maintenance 0.0    cpumem 2.51   gpumem 23.88  reserved 29.05 
tick 130   kimg 520.0    time 2h 12m 45s   sec/tick 60.3    sec/kimg 15.07   maintenance 0.0    cpumem 2.51   gpumem 23.88  reserved 29.05 
tick 131   kimg 524.0    time 2h 13m 45s   sec/tick 60.2    sec/kimg 15.05   maintenance 0.0    cpumem 2.51   gpumem 23.88  reserved 29.05 
tick 132   kimg 528.0    time 2h 14m 46s   sec/tick 60.2    sec/kimg 15.06   maintenance 0.0    cpumem 2.51   gpumem 23.88  reserved 29.05 
tick 133   kimg 532.0    time 2h 15m 46s   sec/tick 60.3    sec/kimg 15.07   maintenance 0.0    cpumem 2.51   gpumem 23.88  reserved 29.05 
tick 134   kimg 536.0    time 2h 16m 46s   sec/tick 60.2    sec/kimg 15.05   maintenance 0.0    cpumem 2.51   gpumem 23.88  reserved 29.05 
tick 135   kimg 540.0    time 2h 17m 46s   sec/tick 60.2    sec/kimg 15.05   maintenance 0.0    cpumem 2.51   gpumem 23.88  reserved 29.05 
tick 136   kimg 544.0    time 2h 18m 47s   sec/tick 60.2    sec/kimg 15.05   maintenance 0.0    cpumem 2.51   gpumem 23.88  reserved 29.05 
tick 137   kimg 548.0    time 2h 19m 47s   sec/tick 60.2    sec/kimg 15.05   maintenance 0.0    cpumem 2.51   gpumem 23.89  reserved 29.05 
tick 138   kimg 552.0    time 2h 20m 47s   sec/tick 60.2    sec/kimg 15.05   maintenance 0.0    cpumem 2.50   gpumem 23.88  reserved 29.05 
tick 139   kimg 556.0    time 2h 21m 47s   sec/tick 60.2    sec/kimg 15.05   maintenance 0.0    cpumem 2.50   gpumem 23.88  reserved 29.05 
tick 140   kimg 560.0    time 2h 22m 47s   sec/tick 60.2    sec/kimg 15.05   maintenance 0.0    cpumem 2.50   gpumem 23.88  reserved 29.05 
tick 141   kimg 564.0    time 2h 24m 04s   sec/tick 60.3    sec/kimg 15.09   maintenance 16.2   cpumem 3.01   gpumem 23.88  reserved 29.05 
tick 142   kimg 568.0    time 2h 25m 04s   sec/tick 60.2    sec/kimg 15.06   maintenance 0.0    cpumem 3.01   gpumem 23.88  reserved 29.05 
tick 143   kimg 572.0    time 2h 26m 05s   sec/tick 60.3    sec/kimg 15.08   maintenance 0.0    cpumem 3.01   gpumem 23.88  reserved 29.05 
tick 144   kimg 576.0    time 2h 27m 05s   sec/tick 60.2    sec/kimg 15.06   maintenance 0.0    cpumem 3.01   gpumem 23.88  reserved 29.05 
tick 145   kimg 580.0    time 2h 28m 05s   sec/tick 60.2    sec/kimg 15.06   maintenance 0.0    cpumem 3.01   gpumem 23.88  reserved 29.05 
tick 146   kimg 584.0    time 2h 29m 05s   sec/tick 60.2    sec/kimg 15.05   maintenance 0.0    cpumem 3.01   gpumem 23.88  reserved 29.05 
tick 147   kimg 588.0    time 2h 30m 06s   sec/tick 60.2    sec/kimg 15.05   maintenance 0.0    cpumem 3.01   gpumem 23.88  reserved 29.05 
tick 148   kimg 592.0    time 2h 31m 06s   sec/tick 60.3    sec/kimg 15.07   maintenance 0.0    cpumem 3.01   gpumem 23.88  reserved 29.05 
tick 149   kimg 596.0    time 2h 32m 06s   sec/tick 60.2    sec/kimg 15.05   maintenance 0.0    cpumem 3.01   gpumem 23.88  reserved 29.05 
tick 150   kimg 600.0    time 2h 33m 06s   sec/tick 60.2    sec/kimg 15.05   maintenance 0.0    cpumem 3.01   gpumem 23.88  reserved 29.05 
tick 151   kimg 604.0    time 2h 34m 06s   sec/tick 60.2    sec/kimg 15.05   maintenance 0.0    cpumem 3.01   gpumem 23.88  reserved 29.05 
tick 152   kimg 608.0    time 2h 35m 07s   sec/tick 60.2    sec/kimg 15.06   maintenance 0.0    cpumem 3.01   gpumem 23.88  reserved 29.05 
tick 153   kimg 612.0    time 2h 36m 07s   sec/tick 60.3    sec/kimg 15.06   maintenance 0.0    cpumem 3.01   gpumem 23.88  reserved 29.05 
tick 154   kimg 616.0    time 2h 37m 07s   sec/tick 60.2    sec/kimg 15.05   maintenance 0.0    cpumem 3.01   gpumem 23.88  reserved 29.05 
tick 155   kimg 620.0    time 2h 38m 07s   sec/tick 60.2    sec/kimg 15.05   maintenance 0.0    cpumem 3.01   gpumem 23.88  reserved 29.05 
tick 156   kimg 624.0    time 2h 39m 08s   sec/tick 60.3    sec/kimg 15.06   maintenance 0.0    cpumem 3.01   gpumem 23.88  reserved 29.05 
tick 157   kimg 628.0    time 2h 40m 08s   sec/tick 60.2    sec/kimg 15.06   maintenance 0.0    cpumem 3.01   gpumem 23.88  reserved 29.05 
tick 158   kimg 632.0    time 2h 41m 08s   sec/tick 60.2    sec/kimg 15.05   maintenance 0.0    cpumem 3.01   gpumem 23.88  reserved 29.05 
tick 159   kimg 636.0    time 2h 42m 08s   sec/tick 60.2    sec/kimg 15.05   maintenance 0.0    cpumem 3.01   gpumem 23.88  reserved 29.05 
tick 160   kimg 640.0    time 2h 43m 09s   sec/tick 60.2    sec/kimg 15.05   maintenance 0.0    cpumem 3.01   gpumem 23.88  reserved 29.05 
tick 161   kimg 644.0    time 2h 44m 25s   sec/tick 60.2    sec/kimg 15.05   maintenance 15.8   cpumem 2.89   gpumem 23.88  reserved 29.05 
tick 162   kimg 648.0    time 2h 45m 25s   sec/tick 60.2    sec/kimg 15.05   maintenance 0.0    cpumem 2.89   gpumem 23.88  reserved 29.05 
tick 163   kimg 652.0    time 2h 46m 25s   sec/tick 60.2    sec/kimg 15.05   maintenance 0.0    cpumem 2.89   gpumem 23.88  reserved 29.05 
tick 164   kimg 656.0    time 2h 47m 25s   sec/tick 60.2    sec/kimg 15.06   maintenance 0.0    cpumem 2.89   gpumem 23.88  reserved 29.05 
tick 165   kimg 660.0    time 2h 48m 25s   sec/tick 60.2    sec/kimg 15.05   maintenance 0.0    cpumem 2.89   gpumem 23.88  reserved 29.05 
tick 166   kimg 664.0    time 2h 49m 26s   sec/tick 60.2    sec/kimg 15.05   maintenance 0.0    cpumem 2.89   gpumem 23.88  reserved 29.05 
tick 167   kimg 668.0    time 2h 50m 26s   sec/tick 60.2    sec/kimg 15.05   maintenance 0.0    cpumem 2.89   gpumem 23.88  reserved 29.05 
tick 168   kimg 672.0    time 2h 51m 26s   sec/tick 60.2    sec/kimg 15.05   maintenance 0.0    cpumem 2.89   gpumem 23.88  reserved 29.05 
tick 169   kimg 676.0    time 2h 52m 26s   sec/tick 60.2    sec/kimg 15.06   maintenance 0.0    cpumem 2.90   gpumem 23.88  reserved 29.05 
tick 170   kimg 680.0    time 2h 53m 27s   sec/tick 60.2    sec/kimg 15.05   maintenance 0.0    cpumem 2.90   gpumem 23.88  reserved 29.05 
tick 171   kimg 684.0    time 2h 54m 27s   sec/tick 60.2    sec/kimg 15.05   maintenance 0.0    cpumem 2.89   gpumem 23.88  reserved 29.05 
tick 172   kimg 688.0    time 2h 55m 27s   sec/tick 60.2    sec/kimg 15.06   maintenance 0.0    cpumem 2.90   gpumem 23.88  reserved 29.05 
tick 173   kimg 692.0    time 2h 56m 27s   sec/tick 60.2    sec/kimg 15.05   maintenance 0.0    cpumem 2.90   gpumem 23.88  reserved 29.05 
tick 174   kimg 696.0    time 2h 57m 28s   sec/tick 60.2    sec/kimg 15.06   maintenance 0.0    cpumem 2.90   gpumem 23.88  reserved 29.05 
tick 175   kimg 700.0    time 2h 58m 27s   sec/tick 59.8    sec/kimg 15.06   maintenance 0.0    cpumem 2.90   gpumem 23.88  reserved 29.05 

Exiting...
